mode: atomic
github.com/IBM/vpc-node-label-updater/pkg/nodeupdater/fake.go:45.72,64.20 8 15
github.com/IBM/vpc-node-label-updater/pkg/nodeupdater/fake.go:70.2,70.8 1 15
github.com/IBM/vpc-node-label-updater/pkg/nodeupdater/fake.go:64.20,66.17 2 15
github.com/IBM/vpc-node-label-updater/pkg/nodeupdater/fake.go:66.17,68.4 1 0
github.com/IBM/vpc-node-label-updater/pkg/nodeupdater/fake.go:73.70,89.2 4 5
github.com/IBM/vpc-node-label-updater/pkg/nodeupdater/fake.go:92.94,93.44 1 6
github.com/IBM/vpc-node-label-updater/pkg/nodeupdater/fake.go:96.2,96.44 1 5
github.com/IBM/vpc-node-label-updater/pkg/nodeupdater/fake.go:93.44,95.3 1 1
github.com/IBM/vpc-node-label-updater/pkg/nodeupdater/fake.go:100.103,102.48 2 9
github.com/IBM/vpc-node-label-updater/pkg/nodeupdater/fake.go:105.2,105.35 1 7
github.com/IBM/vpc-node-label-updater/pkg/nodeupdater/fake.go:108.2,108.56 1 5
github.com/IBM/vpc-node-label-updater/pkg/nodeupdater/fake.go:111.2,119.18 3 3
github.com/IBM/vpc-node-label-updater/pkg/nodeupdater/fake.go:102.48,104.3 1 2
github.com/IBM/vpc-node-label-updater/pkg/nodeupdater/fake.go:105.35,107.3 1 2
github.com/IBM/vpc-node-label-updater/pkg/nodeupdater/fake.go:108.56,110.3 1 2
github.com/IBM/vpc-node-label-updater/pkg/nodeupdater/fake.go:123.95,124.49 1 10
github.com/IBM/vpc-node-label-updater/pkg/nodeupdater/fake.go:127.2,128.16 2 8
github.com/IBM/vpc-node-label-updater/pkg/nodeupdater/fake.go:131.2,131.31 1 2
github.com/IBM/vpc-node-label-updater/pkg/nodeupdater/fake.go:124.49,126.3 1 2
github.com/IBM/vpc-node-label-updater/pkg/nodeupdater/fake.go:128.16,130.3 1 6
github.com/IBM/vpc-node-label-updater/pkg/nodeupdater/fake.go:135.93,136.52 1 6
github.com/IBM/vpc-node-label-updater/pkg/nodeupdater/fake.go:139.2,139.48 1 5
github.com/IBM/vpc-node-label-updater/pkg/nodeupdater/fake.go:142.2,142.57 1 4
github.com/IBM/vpc-node-label-updater/pkg/nodeupdater/fake.go:145.2,145.78 1 3
github.com/IBM/vpc-node-label-updater/pkg/nodeupdater/fake.go:148.2,148.57 1 2
github.com/IBM/vpc-node-label-updater/pkg/nodeupdater/fake.go:151.2,151.28 1 0
github.com/IBM/vpc-node-label-updater/pkg/nodeupdater/fake.go:136.52,138.3 1 1
github.com/IBM/vpc-node-label-updater/pkg/nodeupdater/fake.go:139.48,141.3 1 1
github.com/IBM/vpc-node-label-updater/pkg/nodeupdater/fake.go:142.57,144.3 1 1
github.com/IBM/vpc-node-label-updater/pkg/nodeupdater/fake.go:145.78,147.3 1 1
github.com/IBM/vpc-node-label-updater/pkg/nodeupdater/fake.go:148.57,150.3 1 2
github.com/IBM/vpc-node-label-updater/pkg/nodeupdater/fake.go:154.86,155.21 1 2
github.com/IBM/vpc-node-label-updater/pkg/nodeupdater/fake.go:158.2,161.8 1 2
github.com/IBM/vpc-node-label-updater/pkg/nodeupdater/fake.go:155.21,157.3 1 0
github.com/IBM/vpc-node-label-updater/pkg/nodeupdater/fake.go:165.118,166.47 1 1
github.com/IBM/vpc-node-label-updater/pkg/nodeupdater/fake.go:169.2,169.30 1 0
github.com/IBM/vpc-node-label-updater/pkg/nodeupdater/fake.go:166.47,168.3 1 1
github.com/IBM/vpc-node-label-updater/pkg/nodeupdater/node_label.go:41.114,43.16 2 3
github.com/IBM/vpc-node-label-updater/pkg/nodeupdater/node_label.go:47.2,55.43 8 0
github.com/IBM/vpc-node-label-updater/pkg/nodeupdater/node_label.go:60.2,60.19 1 0
github.com/IBM/vpc-node-label-updater/pkg/nodeupdater/node_label.go:43.16,45.3 1 3
github.com/IBM/vpc-node-label-updater/pkg/nodeupdater/node_label.go:55.43,58.3 2 0
github.com/IBM/vpc-node-label-updater/pkg/nodeupdater/utils.go:83.80,85.2 1 1
github.com/IBM/vpc-node-label-updater/pkg/nodeupdater/utils.go:88.121,93.17 4 1
github.com/IBM/vpc-node-label-updater/pkg/nodeupdater/utils.go:126.2,126.17 1 0
github.com/IBM/vpc-node-label-updater/pkg/nodeupdater/utils.go:130.2,131.16 2 0
github.com/IBM/vpc-node-label-updater/pkg/nodeupdater/utils.go:136.2,144.16 3 0
github.com/IBM/vpc-node-label-updater/pkg/nodeupdater/utils.go:148.2,149.33 2 0
github.com/IBM/vpc-node-label-updater/pkg/nodeupdater/utils.go:93.17,98.15 5 0
github.com/IBM/vpc-node-label-updater/pkg/nodeupdater/utils.go:101.3,101.35 1 0
github.com/IBM/vpc-node-label-updater/pkg/nodeupdater/utils.go:104.3,104.27 1 0
github.com/IBM/vpc-node-label-updater/pkg/nodeupdater/utils.go:107.3,107.30 1 0
github.com/IBM/vpc-node-label-updater/pkg/nodeupdater/utils.go:111.3,114.33 4 0
github.com/IBM/vpc-node-label-updater/pkg/nodeupdater/utils.go:98.15,100.4 1 0
github.com/IBM/vpc-node-label-updater/pkg/nodeupdater/utils.go:101.35,103.4 1 0
github.com/IBM/vpc-node-label-updater/pkg/nodeupdater/utils.go:104.27,106.4 1 0
github.com/IBM/vpc-node-label-updater/pkg/nodeupdater/utils.go:107.30,109.4 1 0
github.com/IBM/vpc-node-label-updater/pkg/nodeupdater/utils.go:116.8,119.17 3 1
github.com/IBM/vpc-node-label-updater/pkg/nodeupdater/utils.go:119.17,122.4 2 1
github.com/IBM/vpc-node-label-updater/pkg/nodeupdater/utils.go:126.17,128.3 1 0
github.com/IBM/vpc-node-label-updater/pkg/nodeupdater/utils.go:131.16,134.3 2 0
github.com/IBM/vpc-node-label-updater/pkg/nodeupdater/utils.go:144.16,147.3 2 0
github.com/IBM/vpc-node-label-updater/pkg/nodeupdater/utils.go:153.96,160.16 6 3
github.com/IBM/vpc-node-label-updater/pkg/nodeupdater/utils.go:164.2,168.51 4 3
github.com/IBM/vpc-node-label-updater/pkg/nodeupdater/utils.go:172.2,172.16 1 3
github.com/IBM/vpc-node-label-updater/pkg/nodeupdater/utils.go:176.2,177.16 2 1
github.com/IBM/vpc-node-label-updater/pkg/nodeupdater/utils.go:181.2,184.16 4 1
github.com/IBM/vpc-node-label-updater/pkg/nodeupdater/utils.go:187.2,188.37 2 1
github.com/IBM/vpc-node-label-updater/pkg/nodeupdater/utils.go:160.16,162.3 1 0
github.com/IBM/vpc-node-label-updater/pkg/nodeupdater/utils.go:168.51,171.3 2 3
github.com/IBM/vpc-node-label-updater/pkg/nodeupdater/utils.go:172.16,174.3 1 2
github.com/IBM/vpc-node-label-updater/pkg/nodeupdater/utils.go:177.16,180.3 2 0
github.com/IBM/vpc-node-label-updater/pkg/nodeupdater/utils.go:184.16,186.3 1 0
github.com/IBM/vpc-node-label-updater/pkg/nodeupdater/utils.go:191.78,193.20 1 5
github.com/IBM/vpc-node-label-updater/pkg/nodeupdater/utils.go:198.2,203.19 4 5
github.com/IBM/vpc-node-label-updater/pkg/nodeupdater/utils.go:193.20,195.3 1 1
github.com/IBM/vpc-node-label-updater/pkg/nodeupdater/utils.go:206.79,208.16 2 7
github.com/IBM/vpc-node-label-updater/pkg/nodeupdater/utils.go:211.2,211.12 1 7
github.com/IBM/vpc-node-label-updater/pkg/nodeupdater/utils.go:208.16,210.3 1 1
github.com/IBM/vpc-node-label-updater/pkg/nodeupdater/utils.go:215.77,219.16 4 9
github.com/IBM/vpc-node-label-updater/pkg/nodeupdater/utils.go:222.2,222.20 1 9
github.com/IBM/vpc-node-label-updater/pkg/nodeupdater/utils.go:239.2,239.12 1 9
github.com/IBM/vpc-node-label-updater/pkg/nodeupdater/utils.go:219.16,221.3 1 0
github.com/IBM/vpc-node-label-updater/pkg/nodeupdater/utils.go:222.20,225.17 3 9
github.com/IBM/vpc-node-label-updater/pkg/nodeupdater/utils.go:228.3,228.17 1 0
github.com/IBM/vpc-node-label-updater/pkg/nodeupdater/utils.go:232.3,232.29 1 0
github.com/IBM/vpc-node-label-updater/pkg/nodeupdater/utils.go:235.3,236.55 2 0
github.com/IBM/vpc-node-label-updater/pkg/nodeupdater/utils.go:225.17,226.9 1 9
github.com/IBM/vpc-node-label-updater/pkg/nodeupdater/utils.go:228.17,230.4 1 0
github.com/IBM/vpc-node-label-updater/pkg/nodeupdater/utils.go:232.29,233.9 1 0
github.com/IBM/vpc-node-label-updater/pkg/nodeupdater/utils.go:243.68,244.45 1 2
github.com/IBM/vpc-node-label-updater/pkg/nodeupdater/utils.go:247.2,247.14 1 1
github.com/IBM/vpc-node-label-updater/pkg/nodeupdater/utils.go:244.45,246.3 1 1
github.com/IBM/vpc-node-label-updater/pkg/nodeupdater/utils.go:251.90,252.40 1 3
github.com/IBM/vpc-node-label-updater/pkg/nodeupdater/utils.go:256.2,257.42 2 0
github.com/IBM/vpc-node-label-updater/pkg/nodeupdater/utils.go:252.40,255.3 2 3
github.com/IBM/vpc-node-label-updater/pkg/nodeupdater/utils.go:261.99,276.50 5 6
github.com/IBM/vpc-node-label-updater/pkg/nodeupdater/utils.go:281.2,281.16 1 6
github.com/IBM/vpc-node-label-updater/pkg/nodeupdater/utils.go:284.2,287.16 3 2
github.com/IBM/vpc-node-label-updater/pkg/nodeupdater/utils.go:291.2,293.16 3 2
github.com/IBM/vpc-node-label-updater/pkg/nodeupdater/utils.go:296.2,296.38 1 0
github.com/IBM/vpc-node-label-updater/pkg/nodeupdater/utils.go:299.2,299.36 1 0
github.com/IBM/vpc-node-label-updater/pkg/nodeupdater/utils.go:276.50,279.3 2 6
github.com/IBM/vpc-node-label-updater/pkg/nodeupdater/utils.go:281.16,283.3 1 4
github.com/IBM/vpc-node-label-updater/pkg/nodeupdater/utils.go:287.16,290.3 2 0
github.com/IBM/vpc-node-label-updater/pkg/nodeupdater/utils.go:293.16,295.3 1 2
github.com/IBM/vpc-node-label-updater/pkg/nodeupdater/utils.go:296.38,298.3 1 0
github.com/IBM/vpc-node-label-updater/pkg/nodeupdater/utils.go:303.89,307.16 3 0
github.com/IBM/vpc-node-label-updater/pkg/nodeupdater/utils.go:311.2,311.44 1 0
github.com/IBM/vpc-node-label-updater/pkg/nodeupdater/utils.go:318.2,319.17 2 0
github.com/IBM/vpc-node-label-updater/pkg/nodeupdater/utils.go:307.16,309.3 1 0
github.com/IBM/vpc-node-label-updater/pkg/nodeupdater/utils.go:311.44,313.80 1 0
github.com/IBM/vpc-node-label-updater/pkg/nodeupdater/utils.go:313.80,316.4 2 0
github.com/IBM/vpc-node-label-updater/pkg/nodeupdater/utils.go:323.91,332.16 7 3
github.com/IBM/vpc-node-label-updater/pkg/nodeupdater/utils.go:336.2,336.44 1 0
github.com/IBM/vpc-node-label-updater/pkg/nodeupdater/utils.go:332.16,334.3 1 3
github.com/IBM/vpc-node-label-updater/pkg/nodeupdater/utils.go:339.73,352.2 7 1
